Started GET "/" for ::1 at 2023-05-26 18:38:49 +0530
Processing by Rails::WelcomeController#index as HTML
  Rendering vendor/bundle/ruby/3.0.0/gems/railties-7.0.5/lib/rails/templates/rails/welcome/index.html.erb
  Rendered vendor/bundle/ruby/3.0.0/gems/railties-7.0.5/lib/rails/templates/rails/welcome/index.html.erb (Duration: 1.0ms | Allocations: 931)
Completed 200 OK in 16ms (Views: 5.9ms | ActiveRecord: 0.0ms | Allocations: 10752)


Started GET "/" for ::1 at 2023-05-26 18:39:35 +0530
Processing by Rails::WelcomeController#index as HTML
  Rendering vendor/bundle/ruby/3.0.0/gems/railties-7.0.5/lib/rails/templates/rails/welcome/index.html.erb
  Rendered vendor/bundle/ruby/3.0.0/gems/railties-7.0.5/lib/rails/templates/rails/welcome/index.html.erb (Duration: 0.7ms | Allocations: 826)
Completed 200 OK in 6ms (Views: 2.1ms | ActiveRecord: 0.0ms | Allocations: 7798)


  [1m[35m (2.1ms)[0m  [1m[35mCREATE TABLE "schema_migrations" ("version" varchar NOT NULL PRIMARY KEY)[0m
  [1m[35m (1.6ms)[0m  [1m[35mCREATE TABLE "ar_internal_metadata" ("key" varchar NOT NULL PRIMARY KEY, "value" varchar, "created_at" datetime(6) NOT NULL, "updated_at" datetime(6) NOT NULL)[0m
  [1m[36mActiveRecord::SchemaMigration Pluck (0.1ms)[0m  [1m[34mSELECT "schema_migrations"."version" FROM "schema_migrations" ORDER BY "schema_migrations"."version" ASC[0m
Migrating to CreateUrls (20230526130949)
  [1m[36mTRANSACTION (0.0ms)[0m  [1m[36mbegin transaction[0m
  [1m[35m (0.2ms)[0m  [1m[35mCREATE TABLE "urls" ("id" integer PRIMARY KEY AUTOINCREMENT NOT NULL, "original" varchar, "shortened" varchar, "created_at" datetime(6) NOT NULL, "updated_at" datetime(6) NOT NULL)[0m
  [1m[36mActiveRecord::SchemaMigration Create (0.1ms)[0m  [1m[32mINSERT INTO "schema_migrations" ("version") VALUES (?)[0m  [["version", "20230526130949"]]
  [1m[36mTRANSACTION (1.9ms)[0m  [1m[36mcommit transaction[0m
  [1m[36mActiveRecord::InternalMetadata Load (0.1ms)[0m  [1m[34mSELECT "ar_internal_metadata".* FROM "ar_internal_metadata" WHERE "ar_internal_metadata"."key" = ? LIMIT ?[0m  [["key", "environment"], ["LIMIT", 1]]
  [1m[36mTRANSACTION (0.0ms)[0m  [1m[36mbegin transaction[0m
  [1m[36mActiveRecord::InternalMetadata Create (0.2ms)[0m  [1m[32mINSERT INTO "ar_internal_metadata" ("key", "value", "created_at", "updated_at") VALUES (?, ?, ?, ?)[0m  [["key", "environment"], ["value", "development"], ["created_at", "2023-05-26 13:10:18.136090"], ["updated_at", "2023-05-26 13:10:18.136090"]]
  [1m[36mTRANSACTION (1.6ms)[0m  [1m[36mcommit transaction[0m
  [1m[36mActiveRecord::SchemaMigration Pluck (0.1ms)[0m  [1m[34mSELECT "schema_migrations"."version" FROM "schema_migrations" ORDER BY "schema_migrations"."version" ASC[0m
Started GET "/" for ::1 at 2023-05-26 18:43:07 +0530
  [1m[36mActiveRecord::SchemaMigration Pluck (0.1ms)[0m  [1m[34mSELECT "schema_migrations"."version" FROM "schema_migrations" ORDER BY "schema_migrations"."version" ASC[0m
Processing by UrlsController#new as HTML
  Rendering layout layouts/application.html.erb
  Rendering urls/new.html.erb within layouts/application
  Rendered urls/new.html.erb within layouts/application (Duration: 6.5ms | Allocations: 2943)
  Rendered layout layouts/application.html.erb (Duration: 180.5ms | Allocations: 100811)
Completed 200 OK in 196ms (Views: 181.9ms | ActiveRecord: 0.5ms | Allocations: 124531)


Started GET "/" for ::1 at 2023-05-26 18:43:08 +0530
Processing by UrlsController#new as HTML
  Rendering layout layouts/application.html.erb
  Rendering urls/new.html.erb within layouts/application
  Rendered urls/new.html.erb within layouts/application (Duration: 1.8ms | Allocations: 815)
  Rendered layout layouts/application.html.erb (Duration: 4.8ms | Allocations: 3140)
Completed 200 OK in 7ms (Views: 5.4ms | ActiveRecord: 0.0ms | Allocations: 3534)


Started POST "/urls" for ::1 at 2023-05-26 18:43:48 +0530
Processing by UrlsController#create as TURBO_STREAM
  Parameters: {"authenticity_token"=>"[FILTERED]", "url"=>{"original"=>"http://localhost:3000/"}, "commit"=>"Shorten URL"}
  [1m[36mTRANSACTION (0.1ms)[0m  [1m[36mbegin transaction[0m
  ↳ app/controllers/urls_controller.rb:8:in `create'
  [1m[36mUrl Create (0.3ms)[0m  [1m[32mINSERT INTO "urls" ("original", "shortened", "created_at", "updated_at") VALUES (?, ?, ?, ?)[0m  [["original", "http://localhost:3000/"], ["shortened", "733ca87d"], ["created_at", "2023-05-26 13:13:48.702038"], ["updated_at", "2023-05-26 13:13:48.702038"]]
  ↳ app/controllers/urls_controller.rb:8:in `create'
  [1m[36mTRANSACTION (1.6ms)[0m  [1m[36mcommit transaction[0m
  ↳ app/controllers/urls_controller.rb:8:in `create'
Redirected to http://localhost:3000/733ca87d
Completed 302 Found in 26ms (ActiveRecord: 2.0ms | Allocations: 3642)


Started GET "/733ca87d" for ::1 at 2023-05-26 18:43:48 +0530
Processing by UrlsController#redirect as TURBO_STREAM
  Parameters: {"shortened"=>"733ca87d"}
  [1m[36mUrl Load (0.1ms)[0m  [1m[34mSELECT "urls".* FROM "urls" WHERE "urls"."shortened" = ? LIMIT ?[0m  [["shortened", "733ca87d"], ["LIMIT", 1]]
  ↳ app/controllers/urls_controller.rb:20:in `redirect'
Redirected to http://localhost:3000/
Completed 302 Found in 3ms (ActiveRecord: 0.1ms | Allocations: 2472)


Started GET "/" for ::1 at 2023-05-26 18:43:48 +0530
Processing by UrlsController#new as TURBO_STREAM
  Rendering layout layouts/application.html.erb
  Rendering urls/new.html.erb within layouts/application
  Rendered urls/new.html.erb within layouts/application (Duration: 0.9ms | Allocations: 789)
  Rendered layout layouts/application.html.erb (Duration: 2.9ms | Allocations: 3115)
Completed 200 OK in 4ms (Views: 3.3ms | ActiveRecord: 0.0ms | Allocations: 3550)


Started POST "/urls" for ::1 at 2023-05-26 18:43:52 +0530
Processing by UrlsController#create as TURBO_STREAM
  Parameters: {"authenticity_token"=>"[FILTERED]", "url"=>{"original"=>"http://localhost:3000/"}, "commit"=>"Shorten URL"}
  [1m[36mTRANSACTION (0.0ms)[0m  [1m[36mbegin transaction[0m
  ↳ app/controllers/urls_controller.rb:8:in `create'
  [1m[36mUrl Create (0.2ms)[0m  [1m[32mINSERT INTO "urls" ("original", "shortened", "created_at", "updated_at") VALUES (?, ?, ?, ?)[0m  [["original", "http://localhost:3000/"], ["shortened", "9b74683f"], ["created_at", "2023-05-26 13:13:52.982021"], ["updated_at", "2023-05-26 13:13:52.982021"]]
  ↳ app/controllers/urls_controller.rb:8:in `create'
  [1m[36mTRANSACTION (1.8ms)[0m  [1m[36mcommit transaction[0m
  ↳ app/controllers/urls_controller.rb:8:in `create'
Redirected to http://localhost:3000/9b74683f
Completed 302 Found in 6ms (ActiveRecord: 2.1ms | Allocations: 2228)


Started GET "/9b74683f" for ::1 at 2023-05-26 18:43:52 +0530
Processing by UrlsController#redirect as TURBO_STREAM
  Parameters: {"shortened"=>"9b74683f"}
  [1m[36mUrl Load (0.1ms)[0m  [1m[34mSELECT "urls".* FROM "urls" WHERE "urls"."shortened" = ? LIMIT ?[0m  [["shortened", "9b74683f"], ["LIMIT", 1]]
  ↳ app/controllers/urls_controller.rb:20:in `redirect'
Redirected to http://localhost:3000/
Completed 302 Found in 1ms (ActiveRecord: 0.1ms | Allocations: 599)


Started GET "/" for ::1 at 2023-05-26 18:43:52 +0530
Processing by UrlsController#new as TURBO_STREAM
  Rendering layout layouts/application.html.erb
  Rendering urls/new.html.erb within layouts/application
  Rendered urls/new.html.erb within layouts/application (Duration: 0.8ms | Allocations: 642)
  Rendered layout layouts/application.html.erb (Duration: 4.1ms | Allocations: 2855)
Completed 200 OK in 6ms (Views: 5.3ms | ActiveRecord: 0.0ms | Allocations: 3189)


Started POST "/urls" for ::1 at 2023-05-26 18:44:18 +0530
  [1m[36mActiveRecord::SchemaMigration Pluck (0.1ms)[0m  [1m[34mSELECT "schema_migrations"."version" FROM "schema_migrations" ORDER BY "schema_migrations"."version" ASC[0m
Processing by UrlsController#create as TURBO_STREAM
  Parameters: {"authenticity_token"=>"[FILTERED]", "url"=>{"original"=>"http://localhost:3000/"}, "commit"=>"Shorten URL"}
  [1m[36mTRANSACTION (0.0ms)[0m  [1m[36mbegin transaction[0m
  ↳ app/controllers/urls_controller.rb:8:in `create'
  [1m[36mUrl Create (0.2ms)[0m  [1m[32mINSERT INTO "urls" ("original", "shortened", "created_at", "updated_at") VALUES (?, ?, ?, ?)[0m  [["original", "http://localhost:3000/"], ["shortened", "708f701a"], ["created_at", "2023-05-26 13:14:18.873866"], ["updated_at", "2023-05-26 13:14:18.873866"]]
  ↳ app/controllers/urls_controller.rb:8:in `create'
  [1m[36mTRANSACTION (1.7ms)[0m  [1m[36mcommit transaction[0m
  ↳ app/controllers/urls_controller.rb:8:in `create'
Redirected to http://localhost:3000/708f701a
Completed 302 Found in 13ms (ActiveRecord: 2.1ms | Allocations: 23227)


Started GET "/708f701a" for ::1 at 2023-05-26 18:44:18 +0530
Processing by UrlsController#redirect as TURBO_STREAM
  Parameters: {"shortened"=>"708f701a"}
  [1m[36mUrl Load (0.2ms)[0m  [1m[34mSELECT "urls".* FROM "urls" WHERE "urls"."shortened" = ? LIMIT ?[0m  [["shortened", "708f701a"], ["LIMIT", 1]]
  ↳ app/controllers/urls_controller.rb:20:in `redirect'
Redirected to http://localhost:3000/
Completed 302 Found in 2ms (ActiveRecord: 0.2ms | Allocations: 2493)


Started GET "/" for ::1 at 2023-05-26 18:44:18 +0530
Processing by UrlsController#new as TURBO_STREAM
  Rendering layout layouts/application.html.erb
  Rendering urls/new.html.erb within layouts/application
  Rendered urls/new.html.erb within layouts/application (Duration: 2.0ms | Allocations: 2459)
  Rendered layout layouts/application.html.erb (Duration: 41.6ms | Allocations: 37938)
Completed 200 OK in 48ms (Views: 44.2ms | ActiveRecord: 0.0ms | Allocations: 42384)


Started POST "/urls" for ::1 at 2023-05-26 18:44:24 +0530
Processing by UrlsController#create as TURBO_STREAM
  Parameters: {"authenticity_token"=>"[FILTERED]", "url"=>{"original"=>"http://localhost:3000/"}, "commit"=>"Shorten URL"}
  [1m[36mTRANSACTION (0.0ms)[0m  [1m[36mbegin transaction[0m
  ↳ app/controllers/urls_controller.rb:8:in `create'
  [1m[36mUrl Create (0.2ms)[0m  [1m[32mINSERT INTO "urls" ("original", "shortened", "created_at", "updated_at") VALUES (?, ?, ?, ?)[0m  [["original", "http://localhost:3000/"], ["shortened", "aee2e76b"], ["created_at", "2023-05-26 13:14:24.012039"], ["updated_at", "2023-05-26 13:14:24.012039"]]
  ↳ app/controllers/urls_controller.rb:8:in `create'
  [1m[36mTRANSACTION (1.4ms)[0m  [1m[36mcommit transaction[0m
  ↳ app/controllers/urls_controller.rb:8:in `create'
Redirected to http://localhost:3000/aee2e76b
Completed 302 Found in 5ms (ActiveRecord: 1.7ms | Allocations: 2306)


Started GET "/aee2e76b" for ::1 at 2023-05-26 18:44:24 +0530
Processing by UrlsController#redirect as TURBO_STREAM
  Parameters: {"shortened"=>"aee2e76b"}
  [1m[36mUrl Load (0.1ms)[0m  [1m[34mSELECT "urls".* FROM "urls" WHERE "urls"."shortened" = ? LIMIT ?[0m  [["shortened", "aee2e76b"], ["LIMIT", 1]]
  ↳ app/controllers/urls_controller.rb:20:in `redirect'
Redirected to http://localhost:3000/
Completed 302 Found in 3ms (ActiveRecord: 0.1ms | Allocations: 616)


Started GET "/" for ::1 at 2023-05-26 18:44:24 +0530
Processing by UrlsController#new as TURBO_STREAM
  Rendering layout layouts/application.html.erb
  Rendering urls/new.html.erb within layouts/application
  Rendered urls/new.html.erb within layouts/application (Duration: 1.1ms | Allocations: 679)
  Rendered layout layouts/application.html.erb (Duration: 4.6ms | Allocations: 2895)
Completed 200 OK in 6ms (Views: 4.9ms | ActiveRecord: 0.0ms | Allocations: 3261)


Started GET "/" for ::1 at 2023-05-27 09:45:57 +0530
  [1m[36mActiveRecord::SchemaMigration Pluck (0.1ms)[0m  [1m[34mSELECT "schema_migrations"."version" FROM "schema_migrations" ORDER BY "schema_migrations"."version" ASC[0m
Processing by UrlsController#new as HTML
  Rendering layout layouts/application.html.erb
  Rendering urls/new.html.erb within layouts/application
  Rendered urls/new.html.erb within layouts/application (Duration: 4.6ms | Allocations: 2612)
  Rendered layout layouts/application.html.erb (Duration: 35.2ms | Allocations: 37957)
Completed 200 OK in 49ms (Views: 37.5ms | ActiveRecord: 0.3ms | Allocations: 61633)


Started POST "/urls" for ::1 at 2023-05-27 09:46:05 +0530
Processing by UrlsController#create as TURBO_STREAM
  Parameters: {"authenticity_token"=>"[FILTERED]", "url"=>{"original"=>"www.google.com"}, "commit"=>"Shorten URL"}
  Rendering layout layouts/application.html.erb
  Rendering urls/new.html.erb within layouts/application
  Rendered urls/new.html.erb within layouts/application (Duration: 0.9ms | Allocations: 1156)
  Rendered layout layouts/application.html.erb (Duration: 2.4ms | Allocations: 3534)
Completed 200 OK in 4ms (Views: 2.9ms | ActiveRecord: 0.0ms | Allocations: 5192)


Started POST "/urls" for ::1 at 2023-05-27 09:46:06 +0530
Processing by UrlsController#create as TURBO_STREAM
  Parameters: {"authenticity_token"=>"[FILTERED]", "url"=>{"original"=>"www.google.com"}, "commit"=>"Shorten URL"}
  Rendering layout layouts/application.html.erb
  Rendering urls/new.html.erb within layouts/application
  Rendered urls/new.html.erb within layouts/application (Duration: 0.9ms | Allocations: 975)
  Rendered layout layouts/application.html.erb (Duration: 2.3ms | Allocations: 3235)
Completed 200 OK in 5ms (Views: 2.9ms | ActiveRecord: 0.0ms | Allocations: 4357)


Started POST "/urls" for ::1 at 2023-05-27 09:46:07 +0530
Processing by UrlsController#create as TURBO_STREAM
  Parameters: {"authenticity_token"=>"[FILTERED]", "url"=>{"original"=>"www.google.com"}, "commit"=>"Shorten URL"}
  Rendering layout layouts/application.html.erb
  Rendering urls/new.html.erb within layouts/application
  Rendered urls/new.html.erb within layouts/application (Duration: 2.4ms | Allocations: 974)
  Rendered layout layouts/application.html.erb (Duration: 6.2ms | Allocations: 3233)
Completed 200 OK in 9ms (Views: 6.9ms | ActiveRecord: 0.0ms | Allocations: 4339)


Started POST "/urls" for ::1 at 2023-05-27 09:46:07 +0530
Processing by UrlsController#create as TURBO_STREAM
  Parameters: {"authenticity_token"=>"[FILTERED]", "url"=>{"original"=>"www.google.com"}, "commit"=>"Shorten URL"}
  Rendering layout layouts/application.html.erb
  Rendering urls/new.html.erb within layouts/application
  Rendered urls/new.html.erb within layouts/application (Duration: 2.2ms | Allocations: 974)
  Rendered layout layouts/application.html.erb (Duration: 6.3ms | Allocations: 3240)
Completed 200 OK in 9ms (Views: 7.1ms | ActiveRecord: 0.0ms | Allocations: 4346)


Started POST "/urls" for ::1 at 2023-05-27 09:46:07 +0530
Processing by UrlsController#create as TURBO_STREAM
  Parameters: {"authenticity_token"=>"[FILTERED]", "url"=>{"original"=>"www.google.com"}, "commit"=>"Shorten URL"}
  Rendering layout layouts/application.html.erb
  Rendering urls/new.html.erb within layouts/application
  Rendered urls/new.html.erb within layouts/application (Duration: 2.0ms | Allocations: 974)
  Rendered layout layouts/application.html.erb (Duration: 5.2ms | Allocations: 3233)
Completed 200 OK in 8ms (Views: 5.9ms | ActiveRecord: 0.0ms | Allocations: 4338)


Started POST "/urls" for ::1 at 2023-05-27 09:46:07 +0530
Processing by UrlsController#create as TURBO_STREAM
  Parameters: {"authenticity_token"=>"[FILTERED]", "url"=>{"original"=>"www.google.com"}, "commit"=>"Shorten URL"}
  Rendering layout layouts/application.html.erb
  Rendering urls/new.html.erb within layouts/application
  Rendered urls/new.html.erb within layouts/application (Duration: 2.2ms | Allocations: 974)
  Rendered layout layouts/application.html.erb (Duration: 5.4ms | Allocations: 3233)
Completed 200 OK in 8ms (Views: 6.1ms | ActiveRecord: 0.0ms | Allocations: 4344)


Started POST "/urls" for ::1 at 2023-05-27 09:46:07 +0530
Processing by UrlsController#create as TURBO_STREAM
  Parameters: {"authenticity_token"=>"[FILTERED]", "url"=>{"original"=>"www.google.com"}, "commit"=>"Shorten URL"}
  Rendering layout layouts/application.html.erb
  Rendering urls/new.html.erb within layouts/application
  Rendered urls/new.html.erb within layouts/application (Duration: 2.3ms | Allocations: 974)
  Rendered layout layouts/application.html.erb (Duration: 6.2ms | Allocations: 3233)
Completed 200 OK in 9ms (Views: 6.9ms | ActiveRecord: 0.0ms | Allocations: 4330)


